  autofit.c
  ftbase.c
  ftbbox.c
  ftbdf.c
  ftbitmap.c
  ftcid.c
  ftfstype.c
  ftgasp.c
  ftglyph.c
  ftgxval.c
  ftinit.c
  ftmm.c
F:\OpenGL\freetype-2.11.1\src\autofit\afblue.c(1,1): warning C4819: 该文件包含不能在当前代码页(936)中表示的字符。请将该文件保存为 Unicode 格式以防止数据丢失 (编译源文件 ..\..\..\src\autofit\autofit.c)
F:\OpenGL\freetype-2.11.1\src\autofit\afscript.h(1,1): warning C4819: 该文件包含不能在当前代码页(936)中表示的字符。请将该文件保存为 Unicode 格式以防止数据丢失 (编译源文件 ..\..\..\src\autofit\autofit.c)
F:\OpenGL\freetype-2.11.1\src\autofit\afblue.c(255,1): warning C4819: 该文件包含不能在当前代码页(936)中表示的字符。请将该文件保存为 Unicode 格式以防止数据丢失 (编译源文件 ..\..\..\src\autofit\autofit.c)
F:\OpenGL\freetype-2.11.1\src\autofit\afscript.h(1,1): warning C4819: 该文件包含不能在当前代码页(936)中表示的字符。请将该文件保存为 Unicode 格式以防止数据丢失 (编译源文件 ..\..\..\src\autofit\autofit.c)
F:\OpenGL\freetype-2.11.1\src\autofit\afscript.h(1,1): warning C4819: 该文件包含不能在当前代码页(936)中表示的字符。请将该文件保存为 Unicode 格式以防止数据丢失 (编译源文件 ..\..\..\src\autofit\autofit.c)
F:\OpenGL\freetype-2.11.1\src\autofit\afscript.h(1,1): warning C4819: 该文件包含不能在当前代码页(936)中表示的字符。请将该文件保存为 Unicode 格式以防止数据丢失 (编译源文件 ..\..\..\src\autofit\autofit.c)
F:\OpenGL\freetype-2.11.1\src\autofit\afscript.h(1,1): warning C4819: 该文件包含不能在当前代码页(936)中表示的字符。请将该文件保存为 Unicode 格式以防止数据丢失 (编译源文件 ..\..\..\src\autofit\autofit.c)
F:\OpenGL\freetype-2.11.1\src\autofit\afscript.h(1,1): warning C4819: 该文件包含不能在当前代码页(936)中表示的字符。请将该文件保存为 Unicode 格式以防止数据丢失 (编译源文件 ..\..\..\src\autofit\autofit.c)
  ftotval.c
  ftpatent.c
  ftpfr.c
  ftstroke.c
  ftsynth.c
  fttype1.c
  ftwinfnt.c
  bdf.c
  ftcache.c
  cff.c
  type1cid.c
  dlgwrap.c
  ftgzip.c
  ftlzw.c
  pcf.c
  pfr.c
  psaux.c
  pshinter.c
  psmodule.c
  raster.c
  sfnt.c
  smooth.c
  sdf.c
  truetype.c
  type1.c
  type42.c
  winfnt.c
  ftdebug.c
  ftsystem.c
F:\OpenGL\freetype-2.11.1\src\sdf\ftsdf.c(2806): warning C4701: 使用了可能未初始化的局部变量“nearest_point”
F:\OpenGL\freetype-2.11.1\src\sfnt\ttload.c(1,1): warning C4819: 该文件包含不能在当前代码页(936)中表示的字符。请将该文件保存为 Unicode 格式以防止数据丢失 (编译源文件 ..\..\..\src\sfnt\sfnt.c)
F:\OpenGL\freetype-2.11.1\src\sdf\ftsdf.c(2480): warning C4701: 使用了可能未初始化的局部变量“nearest_point”
F:\OpenGL\freetype-2.11.1\src\truetype\ttobjs.c(961,1): warning C4819: 该文件包含不能在当前代码页(936)中表示的字符。请将该文件保存为 Unicode 格式以防止数据丢失 (编译源文件 ..\..\..\src\truetype\truetype.c)
    正在创建库 ..\..\..\objs\Win32\Debug\freetype.lib 和对象 ..\..\..\objs\Win32\Debug\freetype.exp
  freetype.vcxproj -> F:\OpenGL\freetype-2.11.1\objs\Win32\Debug\freetype.dll
